[
  {
    "QUERY PLAN": "Limit  (cost=1051.50..1051.53 rows=10 width=167) (actual time=46.229..46.234 rows=10 loops=1)"
  },
  {
    "QUERY PLAN": "  ->  Sort  (cost=1031.53..1056.92 rows=10157 width=167) (actual time=43.873..45.810 rows=8000 loops=1)"
  },
  {
    "QUERY PLAN": "        Sort Key: name DESC"
  },
  {
    "QUERY PLAN": "        Sort Method: quicksort  Memory: 3032kB"
  },
  {
    "QUERY PLAN": "        ->  Seq Scan on users  (cost=0.00..355.57 rows=10157 width=167) (actual time=0.012..1.984 rows=10163 loops=1)"
  },
  {
    "QUERY PLAN": "Planning Time: 1.731 ms"
  },
  {
    "QUERY PLAN": "Execution Time: 46.605 ms"
  }
]